[Wed Dec 28 18:07:26 2022] [warn] Init: Name-based SSL virtual hosts only work for clients with TLS server name indication support (RFC 4366)
[Wed Dec 28 18:07:26 2022] [warn] Init: Name-based SSL virtual hosts only work for clients with TLS server name indication support (RFC 4366)
[Wed Dec 28 18:07:27 2022] [notice] Apache/2.2.22 (Win32) mod_ssl/2.2.22 OpenSSL/1.0.1c PHP/5.3.13 configured -- resuming normal operations
[Wed Dec 28 18:07:27 2022] [notice] Server built: Apr 20 2012 18:42:30
[Wed Dec 28 18:07:27 2022] [notice] Parent: Created child process 5368
[Wed Dec 28 18:07:27 2022] [notice] Disabled use of AcceptEx() WinSock2 API
[Wed Dec 28 18:07:27 2022] [warn] Init: Name-based SSL virtual hosts only work for clients with TLS server name indication support (RFC 4366)
[Wed Dec 28 18:07:27 2022] [warn] Init: Name-based SSL virtual hosts only work for clients with TLS server name indication support (RFC 4366)
[Wed Dec 28 18:07:27 2022] [notice] Child 5368: Child process is running
[Wed Dec 28 18:07:27 2022] [notice] Child 5368: Acquired the start mutex.
[Wed Dec 28 18:07:27 2022] [notice] Child 5368: Starting 25 worker threads.
[Wed Dec 28 18:07:27 2022] [notice] Child 5368: Listening on port 443.
[Wed Dec 28 18:07:27 2022] [notice] Child 5368: Listening on port 8648.
[Wed Dec 28 18:07:27 2022] [notice] Child 5368: Listening on port 443.
[Wed Dec 28 18:07:27 2022] [notice] Child 5368: Listening on port 80.
[Wed Dec 28 19:50:23 2022] [notice] Parent: Received shutdown signal -- Shutting down the server.
[Wed Dec 28 19:50:23 2022] [notice] Child 5368: Exit event signaled. Child process is ending.
[Wed Dec 28 19:50:24 2022] [notice] Child 5368: Released the start mutex
[Wed Dec 28 19:50:24 2022] [notice] Child 5368: All worker threads have exited.
[Wed Dec 28 19:50:24 2022] [notice] Child 5368: Child process is exiting
[Wed Dec 28 19:50:24 2022] [notice] Parent: Child process exited successfully.
